<?xml version="1.0" encoding="UTF-8"?>
<!-- Generated by org.testng.reporters.JUnitReportReporter -->
<testsuite hostname="DESKTOP-C611VH5" failures="0" tests="1" name="Day16.TestNG" time="5.988" errors="0" timestamp="31 May 2023 02:43:03 GMT" skipped="0">
  <testcase classname="Day16.TestNG" name="login" time="5.988"/>
</testsuite> <!-- Day16.TestNG -->
