<?xml version="1.0" encoding="UTF-8"?>
<!-- Generated by org.testng.reporters.JUnitReportReporter -->
<testsuite hostname="DESKTOP-C611VH5" failures="0" tests="1" name="Day20.Runner" time="2.991" errors="0" timestamp="26 May 2023 03:45:33 GMT" skipped="0">
  <testcase classname="Day20.Runner" name="run" time="2.991"/>
</testsuite> <!-- Day20.Runner -->
