<?xml version="1.0" encoding="UTF-8"?>
<!-- Generated by org.testng.reporters.JUnitReportReporter -->
<testsuite hostname="DESKTOP-C611VH5" failures="0" tests="1" name="Day15.TestNgTags" time="0.054" errors="0" timestamp="17 May 2023 03:23:09 GMT" skipped="0">
  <testcase classname="Day15.TestNgTags" name="click" time="0.054"/>
</testsuite> <!-- Day15.TestNgTags -->
