<?xml version="1.0" encoding="UTF-8"?>
<!-- Generated by org.testng.reporters.JUnitReportReporter -->
<testsuite hostname="DESKTOP-C611VH5" failures="0" tests="1" name="Day16.TestNgArchitecture" time="0.013" errors="0" timestamp="31 May 2023 02:16:47 GMT" skipped="0">
  <testcase classname="Day16.TestNgArchitecture" name="TestStarted" time="0.013"/>
</testsuite> <!-- Day16.TestNgArchitecture -->
